TN:
SF:/Users/fil.capiral/dev/github.com/atonomi/smart-contracts/contracts/DeviceManager.sol
FN:62,onlyManufacturer
FN:71,isManufacturer
FN:80,poolBalance
FN:89,getDeviceStorageKey
FN:97,networkMemberId
FN:106,manufacturerRewards
FN:114,defaultManufacturerReputation
FN:127,initialize
FN:186,registerDevice
FN:215,activateDevice
FN:244,registerAndActivateDevice
FN:277,registerDevices
FN:315,_depositTokens
FN:327,_registerDevice
FN:381,_activateDevice
FNF:15
FNH:15
FNDA:30,onlyManufacturer
FNDA:30,isManufacturer
FNDA:41,poolBalance
FNDA:211,getDeviceStorageKey
FNDA:37,networkMemberId
FNDA:4,manufacturerRewards
FNDA:37,defaultManufacturerReputation
FNDA:58,initialize
FNDA:10,registerDevice
FNDA:6,activateDevice
FNDA:9,registerAndActivateDevice
FNDA:3,registerDevices
FNDA:23,_depositTokens
FNDA:40,_registerDevice
FNDA:14,_activateDevice
DA:63,30
DA:64,22
DA:72,30
DA:81,41
DA:90,211
DA:98,37
DA:107,4
DA:115,37
DA:133,58
DA:134,57
DA:135,56
DA:136,55
DA:138,54
DA:139,54
DA:140,54
DA:141,54
DA:192,10
DA:194,10
DA:196,9
DA:203,9
DA:204,9
DA:205,8
DA:216,6
DA:218,6
DA:219,6
DA:220,6
DA:222,4
DA:229,4
DA:230,4
DA:231,4
DA:232,4
DA:233,3
DA:250,9
DA:251,9
DA:252,9
DA:254,9
DA:255,8
DA:257,8
DA:258,8
DA:260,8
DA:261,8
DA:262,8
DA:263,7
DA:283,3
DA:284,3
DA:288,3
DA:293,3
DA:294,3
DA:295,3
DA:296,21
DA:297,21
DA:298,21
DA:300,21
DA:301,20
DA:303,20
DA:306,2
DA:307,2
DA:308,2
DA:316,23
DA:317,23
DA:332,40
DA:333,40
DA:334,39
DA:335,39
DA:337,39
DA:338,39
DA:339,37
DA:340,37
DA:342,37
DA:343,37
DA:345,37
DA:350,37
DA:355,37
DA:360,37
DA:365,37
DA:366,37
DA:371,37
DA:376,37
DA:382,14
DA:384,14
DA:385,14
DA:387,13
DA:388,13
DA:390,12
DA:391,12
DA:392,12
DA:394,12
DA:395,12
DA:397,12
LF:89
LH:89
BRDA:63,1,0,22
BRDA:63,1,1,8
BRDA:133,2,0,57
BRDA:133,2,1,1
BRDA:134,3,0,56
BRDA:134,3,1,1
BRDA:135,4,0,55
BRDA:135,4,1,1
BRDA:136,5,0,54
BRDA:136,5,1,1
BRDA:204,6,0,8
BRDA:204,6,1,1
BRDA:230,7,0,4
BRDA:230,7,1,0
BRDA:232,8,0,3
BRDA:232,8,1,1
BRDA:262,9,0,7
BRDA:262,9,1,1
BRDA:283,10,0,3
BRDA:283,10,1,0
BRDA:284,11,0,3
BRDA:284,11,1,0
BRDA:288,12,0,3
BRDA:288,12,1,0
BRDA:307,13,0,2
BRDA:307,13,1,0
BRDA:332,14,0,40
BRDA:332,14,1,0
BRDA:333,15,0,39
BRDA:333,15,1,1
BRDA:334,16,0,39
BRDA:334,16,1,0
BRDA:335,17,0,39
BRDA:335,17,1,0
BRDA:338,18,0,37
BRDA:338,18,1,2
BRDA:340,19,0,37
BRDA:340,19,1,0
BRDA:343,20,0,37
BRDA:343,20,1,0
BRDA:385,21,0,13
BRDA:385,21,1,1
BRDA:388,22,0,12
BRDA:388,22,1,1
BRDA:392,23,0,12
BRDA:392,23,1,0
BRF:46
BRH:35
end_of_record
TN:
SF:/Users/fil.capiral/dev/github.com/atonomi/smart-contracts/contracts/EternalStorage.sol
FN:13,setAddress
FN:17,setUint
FN:21,setString
FN:25,setBytes
FN:29,setBytes32
FN:33,setBool
FN:37,setInt
FN:41,deleteAddress
FN:45,deleteUint
FN:49,deleteString
FN:53,deleteBytes
FN:57,deleteBytes32
FN:61,deleteBool
FN:65,deleteInt
FN:69,getAddress
FN:73,getUint
FN:77,getString
FN:81,getBytes
FN:85,getBytes32
FN:89,getBool
FN:93,getInt
FNF:21
FNH:21
FNDA:27,setAddress
FNDA:620,setUint
FNDA:2,setString
FNDA:2,setBytes
FNDA:225,setBytes32
FNDA:247,setBool
FNDA:2,setInt
FNDA:1,deleteAddress
FNDA:13,deleteUint
FNDA:1,deleteString
FNDA:1,deleteBytes
FNDA:13,deleteBytes32
FNDA:37,deleteBool
FNDA:1,deleteInt
FNDA:39,getAddress
FNDA:205,getUint
FNDA:2,getString
FNDA:2,getBytes
FNDA:263,getBytes32
FNDA:414,getBool
FNDA:2,getInt
DA:14,27
DA:18,620
DA:22,2
DA:26,2
DA:30,225
DA:34,247
DA:38,2
DA:42,1
DA:46,13
DA:50,1
DA:54,1
DA:58,13
DA:62,37
DA:66,1
DA:70,39
DA:74,205
DA:78,2
DA:82,2
DA:86,263
DA:90,414
DA:94,2
LF:21
LH:21
BRF:0
BRH:0
end_of_record
TN:
SF:/Users/fil.capiral/dev/github.com/atonomi/smart-contracts/contracts/mocks/MockSolHash.sol
FN:5,solHash
FNF:1
FNH:1
FNDA:3,solHash
DA:6,3
LF:1
LH:1
BRF:0
BRH:0
end_of_record
TN:
SF:/Users/fil.capiral/dev/github.com/atonomi/smart-contracts/contracts/NetworkMemberManager.sol
FN:35,onlyIRN
FN:46,isIRNAdmin
FN:56,isManufacturer
FN:66,isIRNNode
FN:76,memberId
FN:86,manufacturerRewards
FN:95,rewardAmount
FN:103,defaultReputationReward
FN:110,initialize
FN:132,addNetworkMember
FN:195,removeNetworkMember
FNF:11
FNH:11
FNDA:72,onlyIRN
FNDA:90,isIRNAdmin
FNDA:65,isManufacturer
FNDA:65,isIRNNode
FNDA:65,memberId
FNDA:25,manufacturerRewards
FNDA:25,rewardAmount
FNDA:1,defaultReputationReward
FNDA:100,initialize
FNDA:53,addNetworkMember
FNDA:12,removeNetworkMember
DA:36,72
DA:39,65
DA:47,90
DA:57,65
DA:67,65
DA:77,65
DA:87,25
DA:96,25
DA:104,1
DA:114,100
DA:115,99
DA:117,98
DA:118,98
DA:140,53
DA:141,53
DA:142,53
DA:143,53
DA:145,53
DA:150,53
DA:155,53
DA:160,53
DA:166,53
DA:167,25
DA:170,25
DA:171,25
DA:177,25
DA:178,25
DA:186,53
DA:188,53
DA:196,12
DA:197,12
DA:198,12
DA:200,4
DA:201,4
DA:202,4
DA:206,4
DA:209,12
DA:210,12
DA:211,12
DA:212,12
DA:214,12
DA:215,12
LF:42
LH:42
BRDA:36,1,0,65
BRDA:36,1,1,7
BRDA:114,2,0,99
BRDA:114,2,1,1
BRDA:115,3,0,98
BRDA:115,3,1,1
BRDA:140,4,0,53
BRDA:140,4,1,0
BRDA:141,5,0,53
BRDA:141,5,1,0
BRDA:142,6,0,53
BRDA:142,6,1,0
BRDA:143,7,0,53
BRDA:143,7,1,0
BRDA:166,8,0,25
BRDA:166,8,1,28
BRDA:167,9,0,25
BRDA:167,9,1,0
BRDA:170,10,0,25
BRDA:170,10,1,0
BRDA:177,11,0,25
BRDA:177,11,1,0
BRDA:198,12,0,4
BRDA:198,12,1,8
BRDA:200,13,0,4
BRDA:200,13,1,0
BRF:26
BRH:18
end_of_record
TN:
SF:/Users/fil.capiral/dev/github.com/atonomi/smart-contracts/contracts/NetworkSettings.sol
FN:62,initialize
FN:104,setRegistrationFee
FN:117,setActivationFee
FN:131,setDefaultReputationReward
FN:145,setReputationIRNNodeShare
FN:160,setRewardBlockThreshold
FN:169,activationFee
FN:173,registrationFee
FN:177,defaultReputationReward
FN:181,reputationIRNNodeShare
FN:185,blockThreshold
FNF:11
FNH:11
FNDA:115,initialize
FNDA:4,setRegistrationFee
FNDA:4,setActivationFee
FNDA:4,setDefaultReputationReward
FNDA:5,setReputationIRNNodeShare
FNDA:3,setRewardBlockThreshold
FNDA:17,activationFee
FNDA:27,registrationFee
FNDA:2,defaultReputationReward
FNDA:1,reputationIRNNodeShare
FNDA:2,blockThreshold
DA:71,115
DA:72,114
DA:73,113
DA:74,112
DA:75,111
DA:76,110
DA:77,109
DA:79,108
DA:81,108
DA:86,108
DA:89,108
DA:92,108
DA:95,108
DA:98,108
DA:105,4
DA:106,3
DA:108,2
DA:110,2
DA:111,2
DA:118,4
DA:119,3
DA:122,2
DA:124,2
DA:125,2
DA:132,4
DA:133,3
DA:136,2
DA:138,2
DA:139,2
DA:146,5
DA:147,4
DA:148,3
DA:151,2
DA:153,2
DA:154,2
DA:161,3
DA:163,2
DA:165,2
DA:166,2
DA:170,17
DA:174,27
DA:178,2
DA:182,1
DA:186,2
LF:44
LH:44
BRDA:71,1,0,114
BRDA:71,1,1,1
BRDA:72,2,0,113
BRDA:72,2,1,1
BRDA:73,3,0,112
BRDA:73,3,1,1
BRDA:74,4,0,111
BRDA:74,4,1,1
BRDA:75,5,0,110
BRDA:75,5,1,1
BRDA:76,6,0,109
BRDA:76,6,1,1
BRDA:77,7,0,108
BRDA:77,7,1,1
BRDA:105,8,0,3
BRDA:105,8,1,1
BRDA:106,9,0,2
BRDA:106,9,1,1
BRDA:118,10,0,3
BRDA:118,10,1,1
BRDA:119,11,0,2
BRDA:119,11,1,1
BRDA:132,12,0,3
BRDA:132,12,1,1
BRDA:133,13,0,2
BRDA:133,13,1,1
BRDA:146,14,0,4
BRDA:146,14,1,1
BRDA:147,15,0,3
BRDA:147,15,1,1
BRDA:148,16,0,2
BRDA:148,16,1,1
BRDA:161,17,0,2
BRDA:161,17,1,1
BRF:34
BRH:34
end_of_record
TN:
SF:/Users/fil.capiral/dev/github.com/atonomi/smart-contracts/contracts/ReputationManager.sol
FN:72,onlyIRNNode
FN:87,defaultManufacturerReputation
FN:95,manufacturerRewards
FN:103,poolBalance
FN:112,poolRewardAmount
FN:121,rewards
FN:130,getDeviceStorageKey
FN:138,authorWrites
FN:146,reputationIRNNodeShare
FN:154,initialize
FN:179,updateReputationScore
FN:224,getReputationRewards
FN:244,calculateReward
FN:259,setDefaultReputationForManufacturer
FN:280,_distributeRewards
FN:305,_updateReputationScore
FNF:16
FNH:16
FNDA:10,onlyIRNNode
FNDA:18,defaultManufacturerReputation
FNDA:4,manufacturerRewards
FNDA:13,poolBalance
FNDA:4,poolRewardAmount
FNDA:20,rewards
FNDA:21,getDeviceStorageKey
FNDA:5,authorWrites
FNDA:4,reputationIRNNodeShare
FNDA:57,initialize
FNDA:5,updateReputationScore
FNDA:4,getReputationRewards
FNDA:4,calculateReward
FNDA:18,setDefaultReputationForManufacturer
FNDA:8,_distributeRewards
FNDA:5,_updateReputationScore
DA:73,10
DA:80,5
DA:88,18
DA:96,4
DA:104,13
DA:113,4
DA:122,20
DA:131,21
DA:139,5
DA:147,4
DA:159,57
DA:160,56
DA:161,55
DA:163,54
DA:164,54
DA:165,54
DA:184,5
DA:185,5
DA:186,5
DA:188,4
DA:189,4
DA:190,4
DA:192,4
DA:193,4
DA:194,4
DA:195,4
DA:196,4
DA:198,4
DA:207,4
DA:216,4
DA:230,4
DA:231,4
DA:232,4
DA:233,1
DA:235,4
DA:236,4
DA:237,4
DA:245,4
DA:246,4
DA:247,4
DA:248,1
DA:249,1
DA:251,4
DA:262,18
DA:263,18
DA:266,18
DA:272,18
DA:273,18
DA:281,8
DA:283,8
DA:284,8
DA:293,8
DA:294,8
DA:309,5
DA:311,5
DA:313,5
DA:314,5
DA:316,4
DA:317,4
DA:319,4
DA:320,4
DA:322,4
DA:331,4
DA:332,4
DA:334,4
DA:335,4
LF:66
LH:66
BRDA:73,1,0,5
BRDA:73,1,1,5
BRDA:159,2,0,56
BRDA:159,2,1,1
BRDA:160,3,0,55
BRDA:160,3,1,1
BRDA:161,4,0,54
BRDA:161,4,1,1
BRDA:189,5,0,4
BRDA:189,5,1,0
BRDA:190,6,0,4
BRDA:190,6,1,0
BRDA:232,7,0,1
BRDA:232,7,1,3
BRDA:247,8,0,1
BRDA:247,8,1,3
BRDA:262,9,0,18
BRDA:262,9,1,0
BRDA:263,10,0,18
BRDA:263,10,1,0
BRDA:281,11,0,8
BRDA:281,11,1,0
BRDA:309,12,0,5
BRDA:309,12,1,0
BRDA:314,13,0,4
BRDA:314,13,1,1
BRDA:317,14,0,4
BRDA:317,14,1,0
BRDA:320,15,0,4
BRDA:320,15,1,0
BRF:30
BRH:22
end_of_record
TN:
SF:/Users/fil.capiral/dev/github.com/atonomi/smart-contracts/contracts/TokenPool.sol
FN:79,onlyManufacturer
FN:89,poolBalance
FN:101,initialize
FN:116,changeManufacturerWallet
FN:170,setTokenPoolReward
FN:184,depositTokens
FN:207,withdrawTokens
FNF:7
FNH:1
FNDA:0,onlyManufacturer
FNDA:0,poolBalance
FNDA:8,initialize
FNDA:0,changeManufacturerWallet
FNDA:0,setTokenPoolReward
FNDA:0,depositTokens
FNDA:0,withdrawTokens
DA:80,0
DA:82,0
DA:90,0
DA:102,8
DA:103,7
DA:105,6
DA:106,6
DA:117,0
DA:119,0
DA:120,0
DA:124,0
DA:125,0
DA:126,0
DA:127,0
DA:129,0
DA:130,0
DA:131,0
DA:132,0
DA:135,0
DA:136,0
DA:137,0
DA:138,0
DA:142,0
DA:143,0
DA:145,0
DA:147,0
DA:150,0
DA:151,0
DA:154,0
DA:157,0
DA:158,0
DA:159,0
DA:160,0
DA:162,0
DA:163,0
DA:171,0
DA:173,0
DA:176,0
DA:177,0
DA:178,0
DA:185,0
DA:186,0
DA:188,0
DA:189,0
DA:191,0
DA:192,0
DA:198,0
DA:200,0
DA:201,0
DA:208,0
DA:209,0
DA:211,0
DA:212,0
DA:214,0
DA:215,0
LF:55
LH:4
BRDA:80,1,0,0
BRDA:80,1,1,0
BRDA:102,2,0,7
BRDA:102,2,1,1
BRDA:103,3,0,6
BRDA:103,3,1,1
BRDA:117,4,0,0
BRDA:117,4,1,0
BRDA:119,5,0,0
BRDA:119,5,1,0
BRDA:120,6,0,0
BRDA:120,6,1,0
BRDA:129,7,0,0
BRDA:129,7,1,0
BRDA:130,8,0,0
BRDA:130,8,1,0
BRDA:131,9,0,0
BRDA:131,9,1,0
BRDA:132,10,0,0
BRDA:132,10,1,0
BRDA:142,11,0,0
BRDA:142,11,1,0
BRDA:143,12,0,0
BRDA:143,12,1,0
BRDA:171,13,0,0
BRDA:171,13,1,0
BRDA:173,14,0,0
BRDA:173,14,1,0
BRDA:185,15,0,0
BRDA:185,15,1,0
BRDA:186,16,0,0
BRDA:186,16,1,0
BRDA:189,17,0,0
BRDA:189,17,1,0
BRDA:200,18,0,0
BRDA:200,18,1,0
BRDA:209,19,0,0
BRDA:209,19,1,0
BRDA:214,20,0,0
BRDA:214,20,1,0
BRF:40
BRH:4
end_of_record
