TN:
SF:/Users/fil.capiral/dev/github.com/atonomi/smart-contracts/contracts/Atonomi.sol
FN:29,mul
FN:39,div
FN:47,sub
FN:53,add
FN:188,onlyManufacturer
FN:194,onlyIRNorOwner
FN:200,onlyIRNNode
FN:212,
FN:387,setRegistrationFee
FN:398,setActivationFee
FN:409,setDefaultReputationReward
FN:420,setReputationIRNNodeShare
FN:432,setRewardBlockThreshold
FN:450,registerDevice
FN:475,activateDevice
FN:493,registerAndActivateDevice
FN:524,updateReputationScore
FN:557,getReputationRewards
FN:577,calculateReward
FN:597,registerDevices
FN:640,addNetworkMember
FN:679,removeNetworkMember
FN:704,changeManufacturerWallet
FN:742,setTokenPoolReward
FN:756,depositTokens
FN:773,withdrawTokens
FN:788,_depositTokens
FN:793,_distributeRewards
FN:801,_registerDevice
FN:829,_activateDevice
FN:842,_updateReputationScore
FNF:31
FNH:31
FNDA:25,mul
FNDA:16,div
FNDA:31,sub
FNDA:74,add
FNDA:35,onlyManufacturer
FNDA:111,onlyIRNorOwner
FNDA:14,onlyIRNNode
FNDA:86,
FNDA:4,setRegistrationFee
FNDA:4,setActivationFee
FNDA:4,setDefaultReputationReward
FNDA:5,setReputationIRNNodeShare
FNDA:2,setRewardBlockThreshold
FNDA:10,registerDevice
FNDA:7,activateDevice
FNDA:10,registerAndActivateDevice
FNDA:9,updateReputationScore
FNDA:10,getReputationRewards
FNDA:15,calculateReward
FNDA:3,registerDevices
FNDA:93,addNetworkMember
FNDA:12,removeNetworkMember
FNDA:2,changeManufacturerWallet
FNDA:2,setTokenPoolReward
FNDA:3,depositTokens
FNDA:7,withdrawTokens
FNDA:27,_depositTokens
FNDA:16,_distributeRewards
FNDA:41,_registerDevice
FNDA:16,_activateDevice
FNDA:9,_updateReputationScore
DA:30,25
DA:31,1
DA:33,24
DA:34,24
DA:35,23
DA:43,16
DA:48,31
DA:49,30
DA:54,74
DA:55,74
DA:56,73
DA:189,35
DA:190,27
DA:195,111
DA:196,105
DA:201,14
DA:202,9
DA:219,86
DA:220,85
DA:221,84
DA:222,83
DA:223,82
DA:224,81
DA:226,81
DA:227,81
DA:228,81
DA:229,81
DA:230,81
DA:231,81
DA:388,4
DA:389,3
DA:390,2
DA:391,2
DA:392,2
DA:399,4
DA:400,3
DA:401,2
DA:402,2
DA:403,2
DA:410,4
DA:411,3
DA:412,2
DA:413,2
DA:414,2
DA:421,5
DA:422,4
DA:423,3
DA:424,2
DA:425,2
DA:426,2
DA:433,2
DA:434,2
DA:435,2
DA:436,2
DA:456,10
DA:457,9
DA:463,9
DA:464,9
DA:465,8
DA:476,7
DA:477,4
DA:478,4
DA:479,4
DA:480,4
DA:481,4
DA:482,3
DA:499,10
DA:500,10
DA:501,9
DA:502,9
DA:504,9
DA:505,9
DA:507,9
DA:508,9
DA:509,9
DA:510,8
DA:529,9
DA:531,8
DA:532,8
DA:533,8
DA:535,8
DA:536,8
DA:537,8
DA:538,8
DA:539,8
DA:540,8
DA:548,8
DA:549,8
DA:563,10
DA:564,10
DA:565,10
DA:566,3
DA:568,10
DA:569,10
DA:570,10
DA:578,15
DA:579,15
DA:580,4
DA:581,4
DA:583,15
DA:603,3
DA:604,3
DA:608,3
DA:613,3
DA:614,3
DA:615,21
DA:616,21
DA:617,21
DA:618,21
DA:619,20
DA:621,20
DA:624,2
DA:625,2
DA:626,2
DA:648,93
DA:649,93
DA:650,93
DA:651,93
DA:652,93
DA:654,93
DA:655,93
DA:656,93
DA:657,93
DA:659,93
DA:661,41
DA:662,41
DA:665,41
DA:666,41
DA:670,93
DA:672,93
DA:680,12
DA:681,12
DA:683,4
DA:684,4
DA:688,4
DA:691,12
DA:693,12
DA:694,12
DA:705,2
DA:707,2
DA:708,2
DA:711,2
DA:712,2
DA:713,2
DA:714,2
DA:715,2
DA:723,2
DA:724,2
DA:725,2
DA:726,2
DA:729,2
DA:732,2
DA:734,2
DA:735,2
DA:743,2
DA:745,2
DA:746,2
DA:748,2
DA:749,2
DA:750,2
DA:757,3
DA:758,3
DA:760,3
DA:761,3
DA:763,3
DA:764,3
DA:766,3
DA:767,3
DA:774,7
DA:775,7
DA:777,7
DA:778,7
DA:780,7
DA:781,7
DA:789,27
DA:794,16
DA:795,16
DA:796,16
DA:806,41
DA:807,41
DA:808,40
DA:809,40
DA:811,40
DA:812,40
DA:813,38
DA:815,38
DA:816,38
DA:818,38
DA:819,38
DA:820,38
DA:821,38
DA:822,38
DA:823,38
DA:824,38
DA:830,16
DA:831,16
DA:832,16
DA:833,14
DA:834,13
DA:836,13
DA:837,13
DA:843,9
DA:845,9
DA:846,9
DA:847,8
DA:848,8
DA:850,8
DA:851,8
LF:208
LH:208
BRDA:30,1,0,1
BRDA:30,1,1,24
BRDA:34,2,0,23
BRDA:34,2,1,1
BRDA:48,3,0,30
BRDA:48,3,1,1
BRDA:55,4,0,73
BRDA:55,4,1,1
BRDA:189,5,0,27
BRDA:189,5,1,8
BRDA:195,6,0,105
BRDA:195,6,1,6
BRDA:201,7,0,9
BRDA:201,7,1,5
BRDA:219,8,0,85
BRDA:219,8,1,1
BRDA:220,9,0,84
BRDA:220,9,1,1
BRDA:221,10,0,83
BRDA:221,10,1,1
BRDA:222,11,0,82
BRDA:222,11,1,1
BRDA:223,12,0,81
BRDA:223,12,1,1
BRDA:224,13,0,81
BRDA:224,13,1,0
BRDA:388,14,0,3
BRDA:388,14,1,1
BRDA:389,15,0,2
BRDA:389,15,1,1
BRDA:399,16,0,3
BRDA:399,16,1,1
BRDA:400,17,0,2
BRDA:400,17,1,1
BRDA:410,18,0,3
BRDA:410,18,1,1
BRDA:411,19,0,2
BRDA:411,19,1,1
BRDA:421,20,0,4
BRDA:421,20,1,1
BRDA:422,21,0,3
BRDA:422,21,1,1
BRDA:423,22,0,2
BRDA:423,22,1,1
BRDA:433,23,0,2
BRDA:433,23,1,0
BRDA:464,24,0,8
BRDA:464,24,1,1
BRDA:479,25,0,4
BRDA:479,25,1,0
BRDA:481,26,0,3
BRDA:481,26,1,1
BRDA:509,27,0,8
BRDA:509,27,1,1
BRDA:532,28,0,8
BRDA:532,28,1,0
BRDA:533,29,0,8
BRDA:533,29,1,0
BRDA:565,30,0,3
BRDA:565,30,1,7
BRDA:579,31,0,4
BRDA:579,31,1,11
BRDA:603,32,0,3
BRDA:603,32,1,0
BRDA:604,33,0,3
BRDA:604,33,1,0
BRDA:608,34,0,3
BRDA:608,34,1,0
BRDA:625,35,0,2
BRDA:625,35,1,0
BRDA:649,36,0,93
BRDA:649,36,1,0
BRDA:650,37,0,93
BRDA:650,37,1,0
BRDA:651,38,0,93
BRDA:651,38,1,0
BRDA:652,39,0,93
BRDA:652,39,1,0
BRDA:659,40,0,41
BRDA:659,40,1,52
BRDA:661,41,0,41
BRDA:661,41,1,0
BRDA:665,42,0,41
BRDA:665,42,1,0
BRDA:681,43,0,4
BRDA:681,43,1,8
BRDA:683,44,0,4
BRDA:683,44,1,0
BRDA:705,45,0,2
BRDA:705,45,1,0
BRDA:708,46,0,2
BRDA:708,46,1,0
BRDA:711,47,0,2
BRDA:711,47,1,0
BRDA:712,48,0,2
BRDA:712,48,1,0
BRDA:713,49,0,2
BRDA:713,49,1,0
BRDA:714,50,0,2
BRDA:714,50,1,0
BRDA:723,51,0,2
BRDA:723,51,1,0
BRDA:743,52,0,2
BRDA:743,52,1,0
BRDA:746,53,0,2
BRDA:746,53,1,0
BRDA:757,54,0,3
BRDA:757,54,1,0
BRDA:758,55,0,3
BRDA:758,55,1,0
BRDA:761,56,0,3
BRDA:761,56,1,0
BRDA:766,57,0,3
BRDA:766,57,1,0
BRDA:775,58,0,7
BRDA:775,58,1,0
BRDA:780,59,0,7
BRDA:780,59,1,0
BRDA:794,60,0,16
BRDA:794,60,1,0
BRDA:806,61,0,41
BRDA:806,61,1,0
BRDA:807,62,0,40
BRDA:807,62,1,1
BRDA:808,63,0,40
BRDA:808,63,1,0
BRDA:809,64,0,40
BRDA:809,64,1,0
BRDA:812,65,0,38
BRDA:812,65,1,2
BRDA:813,66,0,38
BRDA:813,66,1,0
BRDA:816,67,0,38
BRDA:816,67,1,0
BRDA:832,68,0,14
BRDA:832,68,1,2
BRDA:833,69,0,13
BRDA:833,69,1,1
BRDA:834,70,0,13
BRDA:834,70,1,0
BRDA:843,71,0,9
BRDA:843,71,1,0
BRDA:846,72,0,8
BRDA:846,72,1,1
BRDA:847,73,0,8
BRDA:847,73,1,0
BRDA:848,74,0,8
BRDA:848,74,1,0
BRF:148
BRH:107
end_of_record
TN:
SF:/Users/fil.capiral/dev/github.com/atonomi/smart-contracts/contracts/mocks/MockSafeMath.sol
FN:9,mul
FN:13,div
FN:17,sub
FN:21,add
FNF:4
FNH:4
FNDA:3,mul
FNDA:2,div
FNDA:2,sub
FNDA:2,add
DA:10,3
DA:14,2
DA:18,2
DA:22,2
LF:4
LH:4
BRF:0
BRH:0
end_of_record
TN:
SF:/Users/fil.capiral/dev/github.com/atonomi/smart-contracts/contracts/mocks/MockSolHash.sol
FN:5,solHash
FNF:1
FNH:1
FNDA:3,solHash
DA:6,3
LF:1
LH:1
BRF:0
BRH:0
end_of_record
